<?xml version="1.0" encoding="UTF-8"?>
<!-- Generated by org.testng.reporters.JUnitXMLReporter -->
<testsuite ignored="0" hostname="LAPTOP-OUQEE9AC" failures="0" tests="5" name="Default test" time="0.098" errors="0" timestamp="2025-03-14T21:18:27 IST">
  <testcase classname="HomeLoan.Loans" name="@BeforeClass launcher" time="-1.741967307862E9">
    <failure type="org.testng.TestNGException" message="
Parameter &amp;apos;dhamu&amp;apos; is required by BeforeClass on method launcher but has not been marked @Optional or defined
in C:\Users\Dhamodharan\AppData\Local\Temp\testng-eclipse-1203641742\testng-customsuite.xml">
      <![CDATA[org.testng.TestNGException: 
Parameter 'dhamu' is required by BeforeClass on method launcher but has not been marked @Optional or defined
in C:\Users\Dhamodharan\AppData\Local\Temp\testng-eclipse-1203641742\testng-customsuite.xml
at org.testng.internal.Parameters.createParams(Parameters.java:264)
at org.testng.internal.Parameters.createParametersForMethod(Parameters.java:352)
at org.testng.internal.Parameters.createParameters(Parameters.java:690)
at org.testng.internal.Parameters.createConfigurationParameters(Parameters.java:163)
at org.testng.internal.invokers.ConfigInvoker.invokeConfigurations(ConfigInvoker.java:313)
at org.testng.internal.invokers.TestMethodWorker.invokeBeforeClassMethods(TestMethodWorker.java:188)
at org.testng.internal.invokers.TestMethodWorker.run(TestMethodWorker.java:128)
at java.base/java.util.ArrayList.forEach(ArrayList.java:1596)
at org.testng.TestRunner.privateRun(TestRunner.java:739)
at org.testng.TestRunner.run(TestRunner.java:614)
at org.testng.SuiteRunner.runTest(SuiteRunner.java:421)
at org.testng.SuiteRunner.runSequentially(SuiteRunner.java:413)
at org.testng.SuiteRunner.privateRun(SuiteRunner.java:373)
at org.testng.SuiteRunner.run(SuiteRunner.java:312)
at org.testng.SuiteRunnerWorker.runSuite(SuiteRunnerWorker.java:52)
at org.testng.SuiteRunnerWorker.run(SuiteRunnerWorker.java:95)
at org.testng.TestNG.runSuitesSequentially(TestNG.java:1274)
at org.testng.TestNG.runSuitesLocally(TestNG.java:1208)
at org.testng.TestNG.runSuites(TestNG.java:1112)
at org.testng.TestNG.run(TestNG.java:1079)
at org.testng.remote.AbstractRemoteTestNG.run(AbstractRemoteTestNG.java:115)
at org.testng.remote.RemoteTestNG.initAndRun(RemoteTestNG.java:293)
at org.testng.remote.RemoteTestNG.main(RemoteTestNG.java:91)
]]>
    </failure>
  </testcase> <!-- @BeforeClass launcher -->
  <testcase classname="HomeLoan.Loans" name="@BeforeMethod starts_on" time="0.0">
    <skipped/>
  </testcase> <!-- @BeforeMethod starts_on -->
  <testcase classname="HomeLoan.Loans" name="@AfterMethod ends_on" time="0.0">
    <skipped/>
  </testcase> <!-- @AfterMethod ends_on -->
  <testcase classname="HomeLoan.Loans" name="@BeforeMethod starts_on" time="0.0">
    <skipped/>
  </testcase> <!-- @BeforeMethod starts_on -->
  <testcase classname="HomeLoan.Loans" name="@AfterMethod ends_on" time="0.0">
    <skipped/>
  </testcase> <!-- @AfterMethod ends_on -->
  <testcase classname="HomeLoan.Loans" name="@BeforeMethod starts_on" time="0.0">
    <skipped/>
  </testcase> <!-- @BeforeMethod starts_on -->
  <testcase classname="HomeLoan.Loans" name="@AfterMethod ends_on" time="0.0">
    <skipped/>
  </testcase> <!-- @AfterMethod ends_on -->
  <testcase classname="HomeLoan.Loans" name="@BeforeMethod starts_on" time="0.0">
    <skipped/>
  </testcase> <!-- @BeforeMethod starts_on -->
  <testcase classname="HomeLoan.Loans" name="@AfterMethod ends_on" time="0.0">
    <skipped/>
  </testcase> <!-- @AfterMethod ends_on -->
  <testcase classname="HomeLoan.Loans" name="@BeforeMethod starts_on" time="0.0">
    <skipped/>
  </testcase> <!-- @BeforeMethod starts_on -->
  <testcase classname="HomeLoan.Loans" name="@AfterMethod ends_on" time="0.0">
    <skipped/>
  </testcase> <!-- @AfterMethod ends_on -->
  <testcase classname="HomeLoan.Loans" name="@AfterClass closure" time="0.0">
    <skipped/>
  </testcase> <!-- @AfterClass closure -->
  <testcase classname="HomeLoan.Loans" name="dashBoard" time="0.0">
    <skipped/>
  </testcase> <!-- dashBoard -->
  <testcase classname="HomeLoan.Loans" name="AmountFixer" time="0.0">
    <skipped/>
  </testcase> <!-- AmountFixer -->
  <testcase classname="HomeLoan.Loans" name="AmountFixer" time="0.0">
    <skipped/>
  </testcase> <!-- AmountFixer -->
  <testcase classname="HomeLoan.Loans" name="windows_handle" time="0.0">
    <skipped/>
  </testcase> <!-- windows_handle -->
  <testcase classname="HomeLoan.Loans" name="Details" time="0.0">
    <skipped/>
  </testcase> <!-- Details -->
</testsuite> <!-- Default test -->
